<?xml version="1.0" encoding="UTF-8"?>
<!-- Generated by org.testng.reporters.JUnitXMLReporter -->
<testsuite ignored="2" hostname="LAPTOP-NFMR2JVV" failures="0" tests="1" name="Test" time="0.058" errors="0" timestamp="2025-04-03T20:10:56 IST">
  <testcase classname="testngclasses.LoginTest" name="TC1" time="0.015"/>
  <testcase classname="testngclasses.LoginTest" name="TC2" time="0.0">
    <ignored/>
  </testcase> <!-- TC2 -->
  <testcase classname="testngclasses.LoginTest" name="TC3" time="0.0">
    <ignored/>
  </testcase> <!-- TC3 -->
</testsuite> <!-- Test -->
